SpareSpaceEdit/build/outputs/logs/manifest-merger-debug-report.txt
-- Merging decision tree log ---
manifest
ADDED from SpareSpace\SpareSpaceEdit\AndroidManifest.xml:2:1-46:12
	xmlns:android
		ADDED from SpareSpace\SpareSpaceEdit\AndroidManifest.xml:2:11-69
	package
		ADDED from SpareSpace\SpareSpaceEdit\AndroidManifest.xml:3:11-59
	android:versionName
		ADDED from SpareSpace\SpareSpaceEdit\AndroidManifest.xml:5:11-36
		INJECTED from SpareSpace\SpareSpaceEdit\AndroidManifest.xml
		INJECTED from SpareSpace\SpareSpaceEdit\AndroidManifest.xml
	android:versionCode
		ADDED from SpareSpace\SpareSpaceEdit\AndroidManifest.xml:4:11-34
		INJECTED from SpareSpace\SpareSpaceEdit\AndroidManifest.xml
		INJECTED from SpareSpace\SpareSpaceEdit\AndroidManifest.xml
uses-feature#android.hardware.microphone
ADDED from SpareSpace\SpareSpaceEdit\AndroidManifest.xml:7:5-9:39
	android:required
		ADDED from SpareSpace\SpareSpaceEdit\AndroidManifest.xml:9:13-37
	android:name
		ADDED from SpareSpace\SpareSpaceEdit\AndroidManifest.xml:8:13-55
uses-permission#android.permission.GET_ACCOUNTS
ADDED from SpareSpace\SpareSpaceEdit\AndroidManifest.xml:11:5-71
	android:name
		ADDED from SpareSpace\SpareSpaceEdit\AndroidManifest.xml:11:22-68
uses-permission#android.permission.READ_PROFILE
ADDED from SpareSpace\SpareSpaceEdit\AndroidManifest.xml:12:5-71
	android:name
		ADDED from SpareSpace\SpareSpaceEdit\AndroidManifest.xml:12:22-68
uses-permission#android.permission.READ_CONTACTS
ADDED from SpareSpace\SpareSpaceEdit\AndroidManifest.xml:13:5-72
	android:name
		ADDED from SpareSpace\SpareSpaceEdit\AndroidManifest.xml:13:22-69
uses-permission#android.permission.INTERNET
ADDED from SpareSpace\SpareSpaceEdit\AndroidManifest.xml:14:5-67
	android:name
		ADDED from SpareSpace\SpareSpaceEdit\AndroidManifest.xml:14:22-64
uses-permission#android.permission.READ_EXTERNAL_STORAGE
ADDED from SpareSpace\SpareSpaceEdit\AndroidManifest.xml:15:5-80
	android:name
		ADDED from SpareSpace\SpareSpaceEdit\AndroidManifest.xml:15:22-77
uses-permission#android.permission.ACCESS_NETWORK_STATE
ADDED from SpareSpace\SpareSpaceEdit\AndroidManifest.xml:16:5-79
	android:name
		ADDED from SpareSpace\SpareSpaceEdit\AndroidManifest.xml:16:22-76
application
ADDED from SpareSpace\SpareSpaceEdit\AndroidManifest.xml:18:5-44:19
MERGED from [com.android.volley:volley:1.0.0] AndroidManifest.xml:9:5-20
	android:label
		ADDED from SpareSpace\SpareSpaceEdit\AndroidManifest.xml:21:13-39
	android:allowBackup
		ADDED from SpareSpace\SpareSpaceEdit\AndroidManifest.xml:19:13-39
	android:icon
		ADDED from SpareSpace\SpareSpaceEdit\AndroidManifest.xml:20:13-42
	android:theme
		ADDED from SpareSpace\SpareSpaceEdit\AndroidManifest.xml:22:13-44
activity#com.sinch.android.rtc.sample.messaging.Login
ADDED from SpareSpace\SpareSpaceEdit\AndroidManifest.xml:23:9-32:20
	android:screenOrientation
		ADDED from SpareSpace\SpareSpaceEdit\AndroidManifest.xml:26:17-53
	android:label
		ADDED from SpareSpace\SpareSpaceEdit\AndroidManifest.xml:25:17-43
	android:name
		ADDED from SpareSpace\SpareSpaceEdit\AndroidManifest.xml:24:17-38
intent-filter#android.intent.action.MAIN+android.intent.category.LAUNCHER
ADDED from SpareSpace\SpareSpaceEdit\AndroidManifest.xml:27:13-31:29
action#android.intent.action.MAIN
ADDED from SpareSpace\SpareSpaceEdit\AndroidManifest.xml:28:17-68
	android:name
		ADDED from SpareSpace\SpareSpaceEdit\AndroidManifest.xml:28:25-66
category#android.intent.category.LAUNCHER
ADDED from SpareSpace\SpareSpaceEdit\AndroidManifest.xml:30:17-76
	android:name
		ADDED from SpareSpace\SpareSpaceEdit\AndroidManifest.xml:30:27-74
activity#com.sinch.android.rtc.sample.messaging.MessagingActivity
ADDED from SpareSpace\SpareSpaceEdit\AndroidManifest.xml:33:9-91
	android:screenOrientation
		ADDED from SpareSpace\SpareSpaceEdit\AndroidManifest.xml:33:53-89
	android:name
		ADDED from SpareSpace\SpareSpaceEdit\AndroidManifest.xml:33:19-52
activity#com.sinch.android.rtc.sample.messaging.Info
ADDED from SpareSpace\SpareSpaceEdit\AndroidManifest.xml:34:9-42
	android:name
		ADDED from SpareSpace\SpareSpaceEdit\AndroidManifest.xml:34:19-39
activity#com.sinch.android.rtc.sample.messaging.Home_page
ADDED from SpareSpace\SpareSpaceEdit\AndroidManifest.xml:35:9-47
	android:name
		ADDED from SpareSpace\SpareSpaceEdit\AndroidManifest.xml:35:19-44
activity#com.sinch.android.rtc.sample.messaging.sell
ADDED from SpareSpace\SpareSpaceEdit\AndroidManifest.xml:36:9-42
	android:name
		ADDED from SpareSpace\SpareSpaceEdit\AndroidManifest.xml:36:19-39
activity#com.sinch.android.rtc.sample.messaging.home
ADDED from SpareSpace\SpareSpaceEdit\AndroidManifest.xml:37:9-42
	android:name
		ADDED from SpareSpace\SpareSpaceEdit\AndroidManifest.xml:37:19-39
activity#com.sinch.android.rtc.sample.messaging.account
ADDED from SpareSpace\SpareSpaceEdit\AndroidManifest.xml:38:9-45
	android:name
		ADDED from SpareSpace\SpareSpaceEdit\AndroidManifest.xml:38:19-42
activity#com.sinch.android.rtc.sample.messaging.settings
ADDED from SpareSpace\SpareSpaceEdit\AndroidManifest.xml:39:9-46
	android:name
		ADDED from SpareSpace\SpareSpaceEdit\AndroidManifest.xml:39:19-43
activity#com.sinch.android.rtc.sample.messaging.Register
ADDED from SpareSpace\SpareSpaceEdit\AndroidManifest.xml:40:9-46
	android:name
		ADDED from SpareSpace\SpareSpaceEdit\AndroidManifest.xml:40:19-43
activity#com.sinch.android.rtc.sample.messaging.SelectPost
ADDED from SpareSpace\SpareSpaceEdit\AndroidManifest.xml:41:9-48
	android:name
		ADDED from SpareSpace\SpareSpaceEdit\AndroidManifest.xml:41:19-45
service#com.sinch.android.rtc.sample.messaging.SinchService
ADDED from SpareSpace\SpareSpaceEdit\AndroidManifest.xml:42:9-48
	android:name
		ADDED from SpareSpace\SpareSpaceEdit\AndroidManifest.xml:42:18-46
activity#com.sinch.android.rtc.sample.messaging.LoginActivity
ADDED from SpareSpace\SpareSpaceEdit\AndroidManifest.xml:43:9-50
	android:name
		ADDED from SpareSpace\SpareSpaceEdit\AndroidManifest.xml:43:19-48
uses-sdk
INJECTED from SpareSpace\SpareSpaceEdit\AndroidManifest.xml reason: use-sdk injection requested
MERGED from [com.android.volley:volley:1.0.0] AndroidManifest.xml:7:5-43
	android:targetSdkVersion
		INJECTED from SpareSpace\SpareSpaceEdit\AndroidManifest.xml
		INJECTED from SpareSpace\SpareSpaceEdit\AndroidManifest.xml
	android:minSdkVersion
		INJECTED from SpareSpace\SpareSpaceEdit\AndroidManifest.xml
		INJECTED from SpareSpace\SpareSpaceEdit\AndroidManifest.xml